build/app/intermediates/manifest_merge_blame_file/release/manifest-merger-blame-release-report.txt
1<?xml version="1.0" encoding="utf-8"?>
2<manifest xmlns:android="http://schemas.android.com/apk/res/android"
3    package="com.realtyx.shaligramgatekeeper"
4    android:versionCode="1"
5    android:versionName="1.0.0" >
6
7    <uses-sdk
8        android:minSdkVersion="21"
8-->src/main/AndroidManifest.xml
9        android:targetSdkVersion="33" />
9-->src/main/AndroidManifest.xml
10
11    <uses-permission android:name="android.permission.ACCESS_FINE_LOCATION" />
11-->src/main/AndroidManifest.xml:4:5-78
11-->src/main/AndroidManifest.xml:4:22-76
12    <uses-permission android:name="android.permission.INTERNET" />
12-->src/main/AndroidManifest.xml:5:5-66
12-->src/main/AndroidManifest.xml:5:22-64
13    <uses-permission android:name="android.permission.READ_EXTERNAL_STORAGE" />
13-->src/main/AndroidManifest.xml:6:5-79
13-->src/main/AndroidManifest.xml:6:22-77
14    <uses-permission android:name="android.permission.WRITE_EXTERNAL_STORAGE" />
14-->src/main/AndroidManifest.xml:7:5-80
14-->src/main/AndroidManifest.xml:7:22-78
15    <uses-permission android:name="android.permission.CAMERA" />
15-->src/main/AndroidManifest.xml:8:5-64
15-->src/main/AndroidManifest.xml:8:22-62
16
17    <uses-feature android:name="android.hardware.camera" />
17-->src/main/AndroidManifest.xml:9:5-59
17-->src/main/AndroidManifest.xml:9:19-57
18
19    <uses-permission android:name="android.permission.WAKE_LOCK" />
19-->[:firebase_messaging] AndroidManifest.xml:10:5-68
19-->[:firebase_messaging] AndroidManifest.xml:10:22-65
20    <uses-permission android:name="android.permission.ACCESS_NETWORK_STATE" />
20-->[:firebase_messaging] AndroidManifest.xml:11:5-79
20-->[:firebase_messaging] AndroidManifest.xml:11:22-76
21
22    <queries>
22-->[:file_picker] AndroidManifest.xml:11:5-17:15
23        <intent>
23-->[:file_picker] AndroidManifest.xml:12:9-16:18
24            <action android:name="android.intent.action.GET_CONTENT" />
24-->[:file_picker] AndroidManifest.xml:13:13-72
24-->[:file_picker] AndroidManifest.xml:13:21-69
25
26            <data android:mimeType="*/*" />
26-->[:file_picker] AndroidManifest.xml:15:13-44
26-->[:file_picker] AndroidManifest.xml:15:19-41
27        </intent>
28    </queries>
29
30    <uses-permission android:name="android.permission.RECEIVE_BOOT_COMPLETED" />
30-->[:awesome_notifications] AndroidManifest.xml:9:5-81
30-->[:awesome_notifications] AndroidManifest.xml:9:22-78
31    <uses-permission android:name="android.permission.VIBRATE" />
31-->[:awesome_notifications] AndroidManifest.xml:10:5-66
31-->[:awesome_notifications] AndroidManifest.xml:10:22-63
32    <uses-permission android:name="android.permission.USE_FULL_SCREEN_INTENT" />
32-->[:flutter_local_notifications] AndroidManifest.xml:11:5-81
32-->[:flutter_local_notifications] AndroidManifest.xml:11:22-78
33    <uses-permission android:name="android.permission.SCHEDULE_EXACT_ALARM" />
33-->[:flutter_local_notifications] AndroidManifest.xml:12:5-79
33-->[:flutter_local_notifications] AndroidManifest.xml:12:22-76
34    <uses-permission android:name="android.permission.POST_NOTIFICATIONS" /> <!-- Required by older versions of Google Play services to create IID tokens -->
34-->[:flutter_local_notifications] AndroidManifest.xml:13:5-77
34-->[:flutter_local_notifications] AndroidManifest.xml:13:22-74
35    <uses-permission android:name="com.google.android.c2dm.permission.RECEIVE" />
35-->[com.google.firebase:firebase-messaging:23.1.1] AndroidManifest.xml:28:5-82
35-->[com.google.firebase:firebase-messaging:23.1.1] AndroidManifest.xml:28:22-79
36    <uses-permission android:name="com.google.android.gms.permission.AD_ID" />
36-->[com.google.android.gms:play-services-measurement-api:21.2.0] AndroidManifest.xml:25:5-79
36-->[com.google.android.gms:play-services-measurement-api:21.2.0] AndroidManifest.xml:25:22-76
37    <uses-permission android:name="com.google.android.finsky.permission.BIND_GET_INSTALL_REFERRER_SERVICE" />
37-->[com.google.android.gms:play-services-measurement:21.2.0] AndroidManifest.xml:26:5-110
37-->[com.google.android.gms:play-services-measurement:21.2.0] AndroidManifest.xml:26:22-107
38
39    <permission
39-->[androidx.core:core:1.9.0] AndroidManifest.xml:22:5-24:47
40        android:name="com.realtyx.shaligramgatekeeper.DYNAMIC_RECEIVER_NOT_EXPORTED_PERMISSION"
40-->[androidx.core:core:1.9.0] AndroidManifest.xml:23:9-81
41        android:protectionLevel="signature" />
41-->[androidx.core:core:1.9.0] AndroidManifest.xml:24:9-44
42
43    <uses-permission android:name="com.realtyx.shaligramgatekeeper.DYNAMIC_RECEIVER_NOT_EXPORTED_PERMISSION" /> <!-- for android -->
43-->[androidx.core:core:1.9.0] AndroidManifest.xml:26:5-97
43-->[androidx.core:core:1.9.0] AndroidManifest.xml:26:22-94
44    <!-- <uses-permission android:name="com.android.launcher.permission.READ_SETTINGS"/> -->
45    <!-- <uses-permission android:name="com.android.launcher.permission.WRITE_SETTINGS"/> -->
46    <!-- <uses-permission android:name="com.android.launcher.permission.INSTALL_SHORTCUT" /> -->
47    <!-- <uses-permission android:name="com.android.launcher.permission.UNINSTALL_SHORTCUT" /> -->
48    <!-- for Samsung -->
49    <uses-permission android:name="com.sec.android.provider.badge.permission.READ" />
49-->[me.leolin:ShortcutBadger:1.1.22] AndroidManifest.xml:19:5-86
49-->[me.leolin:ShortcutBadger:1.1.22] AndroidManifest.xml:19:22-83
50    <uses-permission android:name="com.sec.android.provider.badge.permission.WRITE" /> <!-- for htc -->
50-->[me.leolin:ShortcutBadger:1.1.22] AndroidManifest.xml:20:5-87
50-->[me.leolin:ShortcutBadger:1.1.22] AndroidManifest.xml:20:22-84
51    <uses-permission android:name="com.htc.launcher.permission.READ_SETTINGS" />
51-->[me.leolin:ShortcutBadger:1.1.22] AndroidManifest.xml:23:5-81
51-->[me.leolin:ShortcutBadger:1.1.22] AndroidManifest.xml:23:22-78
52    <uses-permission android:name="com.htc.launcher.permission.UPDATE_SHORTCUT" /> <!-- for sony -->
52-->[me.leolin:ShortcutBadger:1.1.22] AndroidManifest.xml:24:5-83
52-->[me.leolin:ShortcutBadger:1.1.22] AndroidManifest.xml:24:22-80
53    <uses-permission android:name="com.sonyericsson.home.permission.BROADCAST_BADGE" />
53-->[me.leolin:ShortcutBadger:1.1.22] AndroidManifest.xml:27:5-88
53-->[me.leolin:ShortcutBadger:1.1.22] AndroidManifest.xml:27:22-85
54    <uses-permission android:name="com.sonymobile.home.permission.PROVIDER_INSERT_BADGE" /> <!-- for apex -->
54-->[me.leolin:ShortcutBadger:1.1.22] AndroidManifest.xml:28:5-92
54-->[me.leolin:ShortcutBadger:1.1.22] AndroidManifest.xml:28:22-89
55    <uses-permission android:name="com.anddoes.launcher.permission.UPDATE_COUNT" /> <!-- for solid -->
55-->[me.leolin:ShortcutBadger:1.1.22] AndroidManifest.xml:31:5-84
55-->[me.leolin:ShortcutBadger:1.1.22] AndroidManifest.xml:31:22-81
56    <uses-permission android:name="com.majeur.launcher.permission.UPDATE_BADGE" /> <!-- for huawei -->
56-->[me.leolin:ShortcutBadger:1.1.22] AndroidManifest.xml:34:5-83
56-->[me.leolin:ShortcutBadger:1.1.22] AndroidManifest.xml:34:22-80
57    <uses-permission android:name="com.huawei.android.launcher.permission.CHANGE_BADGE" />
57-->[me.leolin:ShortcutBadger:1.1.22] AndroidManifest.xml:37:5-91
57-->[me.leolin:ShortcutBadger:1.1.22] AndroidManifest.xml:37:22-88
58    <uses-permission android:name="com.huawei.android.launcher.permission.READ_SETTINGS" />
58-->[me.leolin:ShortcutBadger:1.1.22] AndroidManifest.xml:38:5-92
58-->[me.leolin:ShortcutBadger:1.1.22] AndroidManifest.xml:38:22-89
59    <uses-permission android:name="com.huawei.android.launcher.permission.WRITE_SETTINGS" /> <!-- for ZUK -->
59-->[me.leolin:ShortcutBadger:1.1.22] AndroidManifest.xml:39:5-93
59-->[me.leolin:ShortcutBadger:1.1.22] AndroidManifest.xml:39:22-90
60    <uses-permission android:name="android.permission.READ_APP_BADGE" /> <!-- for OPPO -->
60-->[me.leolin:ShortcutBadger:1.1.22] AndroidManifest.xml:42:5-73
60-->[me.leolin:ShortcutBadger:1.1.22] AndroidManifest.xml:42:22-70
61    <uses-permission android:name="com.oppo.launcher.permission.READ_SETTINGS" />
61-->[me.leolin:ShortcutBadger:1.1.22] AndroidManifest.xml:45:5-82
61-->[me.leolin:ShortcutBadger:1.1.22] AndroidManifest.xml:45:22-79
62    <uses-permission android:name="com.oppo.launcher.permission.WRITE_SETTINGS" /> <!-- for EvMe -->
62-->[me.leolin:ShortcutBadger:1.1.22] AndroidManifest.xml:46:5-83
62-->[me.leolin:ShortcutBadger:1.1.22] AndroidManifest.xml:46:22-80
63    <uses-permission android:name="me.everything.badger.permission.BADGE_COUNT_READ" />
63-->[me.leolin:ShortcutBadger:1.1.22] AndroidManifest.xml:49:5-88
63-->[me.leolin:ShortcutBadger:1.1.22] AndroidManifest.xml:49:22-85
64    <uses-permission android:name="me.everything.badger.permission.BADGE_COUNT_WRITE" />
64-->[me.leolin:ShortcutBadger:1.1.22] AndroidManifest.xml:50:5-89
64-->[me.leolin:ShortcutBadger:1.1.22] AndroidManifest.xml:50:22-86
65
66    <application
67        android:name="android.app.Application"
67-->src/main/AndroidManifest.xml:13:9-42
68        android:appComponentFactory="androidx.core.app.CoreComponentFactory"
68-->[androidx.core:core:1.9.0] AndroidManifest.xml:28:18-86
69        android:icon="@mipmap/ic_launcher"
69-->src/main/AndroidManifest.xml:14:9-43
70        android:label="shaligramgatekeeper" >
70-->src/main/AndroidManifest.xml:12:9-44
71        <activity
71-->src/main/AndroidManifest.xml:15:9-45:20
72            android:name="com.realtyx.shaligramgatekeeper.MainActivity"
72-->src/main/AndroidManifest.xml:16:13-41
73            android:configChanges="orientation|keyboardHidden|keyboard|screenSize|smallestScreenSize|locale|layoutDirection|fontScale|screenLayout|density|uiMode"
73-->src/main/AndroidManifest.xml:20:13-163
74            android:exported="true"
74-->src/main/AndroidManifest.xml:17:13-36
75            android:hardwareAccelerated="true"
75-->src/main/AndroidManifest.xml:21:13-47
76            android:launchMode="singleTop"
76-->src/main/AndroidManifest.xml:18:13-43
77            android:theme="@style/LaunchTheme"
77-->src/main/AndroidManifest.xml:19:13-47
78            android:windowSoftInputMode="adjustResize" >
78-->src/main/AndroidManifest.xml:22:13-55
79
80            <!--
81                 Specifies an Android theme to apply to this Activity as soon as
82                 the Android process has started. This theme is visible to the user
83                 while the Flutter UI initializes. After that, this theme continues
84                 to determine the Window background behind the Flutter UI.
85            -->
86
87            <meta-data
87-->src/main/AndroidManifest.xml:28:13-30:43
88                android:name="com.google.firebase.messaging.default_notification_channel_id"
88-->src/main/AndroidManifest.xml:29:17-93
89                android:value="default" />
89-->src/main/AndroidManifest.xml:30:17-40
90            <meta-data
90-->src/main/AndroidManifest.xml:32:13-34:60
91                android:name="com.google.firebase.messaging.default_notification_icon"
91-->src/main/AndroidManifest.xml:33:17-87
92                android:resource="@drawable/ic_launcher" />
92-->src/main/AndroidManifest.xml:34:17-57
93            <meta-data
93-->src/main/AndroidManifest.xml:37:13-40:17
94                android:name="io.flutter.embedding.android.NormalTheme"
94-->src/main/AndroidManifest.xml:38:15-70
95                android:resource="@style/NormalTheme" />
95-->src/main/AndroidManifest.xml:39:15-52
96
97            <intent-filter>
97-->src/main/AndroidManifest.xml:41:13-44:29
98                <action android:name="android.intent.action.MAIN" />
98-->src/main/AndroidManifest.xml:42:17-68
98-->src/main/AndroidManifest.xml:42:25-66
99
100                <category android:name="android.intent.category.LAUNCHER" />
100-->src/main/AndroidManifest.xml:43:17-76
100-->src/main/AndroidManifest.xml:43:27-74
101            </intent-filter>
102        </activity>
103        <activity
103-->src/main/AndroidManifest.xml:46:8-49:70
104            android:name="com.yalantis.ucrop.UCropActivity"
104-->src/main/AndroidManifest.xml:47:12-59
105            android:screenOrientation="portrait"
105-->src/main/AndroidManifest.xml:48:12-48
106            android:theme="@style/Theme.AppCompat.Light.NoActionBar" />
106-->src/main/AndroidManifest.xml:49:12-68
107        <!--
108             Don't delete the meta-data below.
109             This is used by the Flutter tool to generate GeneratedPluginRegistrant.java
110        -->
111        <meta-data
111-->src/main/AndroidManifest.xml:52:9-54:33
112            android:name="flutterEmbedding"
112-->src/main/AndroidManifest.xml:53:13-44
113            android:value="2" />
113-->src/main/AndroidManifest.xml:54:13-30
114
115        <service
115-->[:firebase_messaging] AndroidManifest.xml:14:9-17:72
116            android:name="io.flutter.plugins.firebase.messaging.FlutterFirebaseMessagingBackgroundService"
116-->[:firebase_messaging] AndroidManifest.xml:15:13-107
117            android:exported="false"
117-->[:firebase_messaging] AndroidManifest.xml:16:13-37
118            android:permission="android.permission.BIND_JOB_SERVICE" />
118-->[:firebase_messaging] AndroidManifest.xml:17:13-69
119        <service
119-->[:firebase_messaging] AndroidManifest.xml:18:9-24:19
120            android:name="io.flutter.plugins.firebase.messaging.FlutterFirebaseMessagingService"
120-->[:firebase_messaging] AndroidManifest.xml:19:13-97
121            android:exported="false" >
121-->[:firebase_messaging] AndroidManifest.xml:20:13-37
122            <intent-filter>
122-->[:firebase_messaging] AndroidManifest.xml:21:13-23:29
123                <action android:name="com.google.firebase.MESSAGING_EVENT" />
123-->[:firebase_messaging] AndroidManifest.xml:22:17-78
123-->[:firebase_messaging] AndroidManifest.xml:22:25-75
124            </intent-filter>
125        </service>
126
127        <receiver
127-->[:firebase_messaging] AndroidManifest.xml:26:9-33:20
128            android:name="io.flutter.plugins.firebase.messaging.FlutterFirebaseMessagingReceiver"
128-->[:firebase_messaging] AndroidManifest.xml:27:13-98
129            android:exported="true"
129-->[:firebase_messaging] AndroidManifest.xml:28:13-36
130            android:permission="com.google.android.c2dm.permission.SEND" >
130-->[:firebase_messaging] AndroidManifest.xml:29:13-73
131            <intent-filter>
131-->[:firebase_messaging] AndroidManifest.xml:30:13-32:29
132                <action android:name="com.google.android.c2dm.intent.RECEIVE" />
132-->[:firebase_messaging] AndroidManifest.xml:31:17-81
132-->[:firebase_messaging] AndroidManifest.xml:31:25-78
133            </intent-filter>
134        </receiver>
135
136        <service
136-->[:firebase_messaging] AndroidManifest.xml:35:9-39:19
137            android:name="com.google.firebase.components.ComponentDiscoveryService"
137-->[:firebase_messaging] AndroidManifest.xml:35:18-89
138            android:directBootAware="true"
138-->[com.google.firebase:firebase-common:20.3.0] AndroidManifest.xml:34:13-43
139            android:exported="false" >
139-->[com.google.firebase:firebase-analytics-ktx:21.2.0] AndroidManifest.xml:10:13-37
140            <meta-data
140-->[:firebase_messaging] AndroidManifest.xml:36:13-38:85
141                android:name="com.google.firebase.components:io.flutter.plugins.firebase.messaging.FlutterFirebaseAppRegistrar"
141-->[:firebase_messaging] AndroidManifest.xml:37:17-128
142                android:value="com.google.firebase.components.ComponentRegistrar" />
142-->[:firebase_messaging] AndroidManifest.xml:38:17-82
143            <meta-data
143-->[:firebase_core] AndroidManifest.xml:11:13-13:85
144                android:name="com.google.firebase.components:io.flutter.plugins.firebase.core.FlutterFirebaseCoreRegistrar"
144-->[:firebase_core] AndroidManifest.xml:12:17-124
145                android:value="com.google.firebase.components.ComponentRegistrar" />
145-->[:firebase_core] AndroidManifest.xml:13:17-82
146            <meta-data
146-->[com.google.firebase:firebase-analytics-ktx:21.2.0] AndroidManifest.xml:11:13-13:85
147                android:name="com.google.firebase.components:com.google.firebase.analytics.ktx.FirebaseAnalyticsKtxRegistrar"
147-->[com.google.firebase:firebase-analytics-ktx:21.2.0] AndroidManifest.xml:12:17-126
148                android:value="com.google.firebase.components.ComponentRegistrar" />
148-->[com.google.firebase:firebase-analytics-ktx:21.2.0] AndroidManifest.xml:13:17-82
149            <meta-data
149-->[com.google.firebase:firebase-common-ktx:20.3.0] AndroidManifest.xml:14:13-16:85
150                android:name="com.google.firebase.components:com.google.firebase.ktx.FirebaseCommonKtxRegistrar"
150-->[com.google.firebase:firebase-common-ktx:20.3.0] AndroidManifest.xml:15:17-113
151                android:value="com.google.firebase.components.ComponentRegistrar" />
151-->[com.google.firebase:firebase-common-ktx:20.3.0] AndroidManifest.xml:16:17-82
152            <meta-data
152-->[com.google.firebase:firebase-messaging:23.1.1] AndroidManifest.xml:55:13-57:85
153                android:name="com.google.firebase.components:com.google.firebase.messaging.FirebaseMessagingRegistrar"
153-->[com.google.firebase:firebase-messaging:23.1.1] AndroidManifest.xml:56:17-119
154                android:value="com.google.firebase.components.ComponentRegistrar" />
154-->[com.google.firebase:firebase-messaging:23.1.1] AndroidManifest.xml:57:17-82
155            <meta-data
155-->[com.google.firebase:firebase-datatransport:18.1.7] AndroidManifest.xml:27:13-29:85
156                android:name="com.google.firebase.components:com.google.firebase.datatransport.TransportRegistrar"
156-->[com.google.firebase:firebase-datatransport:18.1.7] AndroidManifest.xml:28:17-115
157                android:value="com.google.firebase.components.ComponentRegistrar" />
157-->[com.google.firebase:firebase-datatransport:18.1.7] AndroidManifest.xml:29:17-82
158            <meta-data
158-->[com.google.android.gms:play-services-measurement-api:21.2.0] AndroidManifest.xml:31:13-33:85
159                android:name="com.google.firebase.components:com.google.firebase.analytics.connector.internal.AnalyticsConnectorRegistrar"
159-->[com.google.android.gms:play-services-measurement-api:21.2.0] AndroidManifest.xml:32:17-139
160                android:value="com.google.firebase.components.ComponentRegistrar" />
160-->[com.google.android.gms:play-services-measurement-api:21.2.0] AndroidManifest.xml:33:17-82
161            <meta-data
161-->[com.google.firebase:firebase-installations:17.1.2] AndroidManifest.xml:17:13-19:85
162                android:name="com.google.firebase.components:com.google.firebase.installations.FirebaseInstallationsRegistrar"
162-->[com.google.firebase:firebase-installations:17.1.2] AndroidManifest.xml:18:17-127
163                android:value="com.google.firebase.components.ComponentRegistrar" />
163-->[com.google.firebase:firebase-installations:17.1.2] AndroidManifest.xml:19:17-82
164        </service>
165
166        <provider
166-->[:firebase_messaging] AndroidManifest.xml:41:9-45:38
167            android:name="io.flutter.plugins.firebase.messaging.FlutterFirebaseMessagingInitProvider"
167-->[:firebase_messaging] AndroidManifest.xml:42:13-102
168            android:authorities="com.realtyx.shaligramgatekeeper.flutterfirebasemessaginginitprovider"
168-->[:firebase_messaging] AndroidManifest.xml:43:13-88
169            android:exported="false"
169-->[:firebase_messaging] AndroidManifest.xml:44:13-37
170            android:initOrder="99" />
170-->[:firebase_messaging] AndroidManifest.xml:45:13-35
171        <provider
171-->[:image_picker_android] AndroidManifest.xml:10:9-18:20
172            android:name="io.flutter.plugins.imagepicker.ImagePickerFileProvider"
172-->[:image_picker_android] AndroidManifest.xml:11:13-82
173            android:authorities="com.realtyx.shaligramgatekeeper.flutter.image_provider"
173-->[:image_picker_android] AndroidManifest.xml:12:13-74
174            android:exported="false"
174-->[:image_picker_android] AndroidManifest.xml:13:13-37
175            android:grantUriPermissions="true" >
175-->[:image_picker_android] AndroidManifest.xml:14:13-47
176            <meta-data
176-->[:image_picker_android] AndroidManifest.xml:15:13-17:75
177                android:name="android.support.FILE_PROVIDER_PATHS"
177-->[:image_picker_android] AndroidManifest.xml:16:17-67
178                android:resource="@xml/flutter_image_picker_file_paths" />
178-->[:image_picker_android] AndroidManifest.xml:17:17-72
179        </provider>
180
181        <receiver
181-->[:awesome_notifications] AndroidManifest.xml:13:9-15:40
182            android:name="me.carda.awesome_notifications.notifications.broadcastReceivers.DismissedNotificationReceiver"
182-->[:awesome_notifications] AndroidManifest.xml:14:13-121
183            android:exported="false" />
183-->[:awesome_notifications] AndroidManifest.xml:15:13-37
184        <receiver
184-->[:awesome_notifications] AndroidManifest.xml:16:9-18:40
185            android:name="me.carda.awesome_notifications.notifications.broadcastReceivers.ScheduledNotificationReceiver"
185-->[:awesome_notifications] AndroidManifest.xml:17:13-121
186            android:exported="false" />
186-->[:awesome_notifications] AndroidManifest.xml:18:13-37
187        <receiver
187-->[:awesome_notifications] AndroidManifest.xml:19:9-21:40
188            android:name="me.carda.awesome_notifications.notifications.broadcastReceivers.KeepOnTopActionReceiver"
188-->[:awesome_notifications] AndroidManifest.xml:20:13-115
189            android:exported="false" />
189-->[:awesome_notifications] AndroidManifest.xml:21:13-37
190        <receiver
190-->[:awesome_notifications] AndroidManifest.xml:22:9-35:20
191            android:name="me.carda.awesome_notifications.notifications.broadcastReceivers.RefreshSchedulesReceiver"
191-->[:awesome_notifications] AndroidManifest.xml:23:13-116
192            android:exported="false" >
192-->[:awesome_notifications] AndroidManifest.xml:24:13-37
193            <intent-filter>
193-->[:awesome_notifications] AndroidManifest.xml:25:13-34:29
194                <category android:name="android.intent.category.DEFAULT" />
194-->[:awesome_notifications] AndroidManifest.xml:26:17-76
194-->[:awesome_notifications] AndroidManifest.xml:26:27-73
195
196                <action android:name="android.intent.action.BOOT_COMPLETED" />
196-->[:awesome_notifications] AndroidManifest.xml:28:17-79
196-->[:awesome_notifications] AndroidManifest.xml:28:25-76
197                <action android:name="android.intent.action.LOCKED_BOOT_COMPLETED" />
197-->[:awesome_notifications] AndroidManifest.xml:29:17-86
197-->[:awesome_notifications] AndroidManifest.xml:29:25-83
198                <action android:name="android.intent.action.MY_PACKAGE_REPLACED" />
198-->[:awesome_notifications] AndroidManifest.xml:30:17-84
198-->[:awesome_notifications] AndroidManifest.xml:30:25-81
199                <action android:name="android.intent.action.QUICKBOOT_POWERON" />
199-->[:awesome_notifications] AndroidManifest.xml:31:17-82
199-->[:awesome_notifications] AndroidManifest.xml:31:25-79
200                <action android:name="com.htc.intent.action.QUICKBOOT_POWERON" />
200-->[:awesome_notifications] AndroidManifest.xml:32:17-82
200-->[:awesome_notifications] AndroidManifest.xml:32:25-79
201                <action android:name="android.app.action.SCHEDULE_EXACT_ALARM_PERMISSION_STATE_CHANGED" />
201-->[:awesome_notifications] AndroidManifest.xml:33:17-107
201-->[:awesome_notifications] AndroidManifest.xml:33:25-104
202            </intent-filter>
203        </receiver>
204        <receiver
204-->[:flutter_local_notifications] AndroidManifest.xml:16:9-18:40
205            android:name="com.dexterous.flutterlocalnotifications.ScheduledNotificationReceiver"
205-->[:flutter_local_notifications] AndroidManifest.xml:17:13-97
206            android:exported="false" />
206-->[:flutter_local_notifications] AndroidManifest.xml:18:13-37
207        <receiver
207-->[:flutter_local_notifications] AndroidManifest.xml:19:9-28:20
208            android:name="com.dexterous.flutterlocalnotifications.ScheduledNotificationBootReceiver"
208-->[:flutter_local_notifications] AndroidManifest.xml:20:13-101
209            android:exported="false" >
209-->[:flutter_local_notifications] AndroidManifest.xml:21:13-37
210            <intent-filter>
210-->[:flutter_local_notifications] AndroidManifest.xml:22:13-27:29
211                <action android:name="android.intent.action.BOOT_COMPLETED" />
211-->[:awesome_notifications] AndroidManifest.xml:28:17-79
211-->[:awesome_notifications] AndroidManifest.xml:28:25-76
212                <action android:name="android.intent.action.MY_PACKAGE_REPLACED" />
212-->[:awesome_notifications] AndroidManifest.xml:30:17-84
212-->[:awesome_notifications] AndroidManifest.xml:30:25-81
213                <action android:name="android.intent.action.QUICKBOOT_POWERON" />
213-->[:awesome_notifications] AndroidManifest.xml:31:17-82
213-->[:awesome_notifications] AndroidManifest.xml:31:25-79
214                <action android:name="com.htc.intent.action.QUICKBOOT_POWERON" />
214-->[:awesome_notifications] AndroidManifest.xml:32:17-82
214-->[:awesome_notifications] AndroidManifest.xml:32:25-79
215            </intent-filter>
216        </receiver>
217
218        <activity
218-->[:url_launcher_android] AndroidManifest.xml:10:9-13:74
219            android:name="io.flutter.plugins.urllauncher.WebViewActivity"
219-->[:url_launcher_android] AndroidManifest.xml:11:13-74
220            android:exported="false"
220-->[:url_launcher_android] AndroidManifest.xml:12:13-37
221            android:theme="@android:style/Theme.NoTitleBar.Fullscreen" />
221-->[:url_launcher_android] AndroidManifest.xml:13:13-71
222
223        <receiver
223-->[com.google.firebase:firebase-messaging:23.1.1] AndroidManifest.xml:31:9-38:20
224            android:name="com.google.firebase.iid.FirebaseInstanceIdReceiver"
224-->[com.google.firebase:firebase-messaging:23.1.1] AndroidManifest.xml:32:13-78
225            android:exported="true"
225-->[com.google.firebase:firebase-messaging:23.1.1] AndroidManifest.xml:33:13-36
226            android:permission="com.google.android.c2dm.permission.SEND" >
226-->[com.google.firebase:firebase-messaging:23.1.1] AndroidManifest.xml:34:13-73
227            <intent-filter>
227-->[:firebase_messaging] AndroidManifest.xml:30:13-32:29
228                <action android:name="com.google.android.c2dm.intent.RECEIVE" />
228-->[:firebase_messaging] AndroidManifest.xml:31:17-81
228-->[:firebase_messaging] AndroidManifest.xml:31:25-78
229            </intent-filter>
230        </receiver>
231        <!--
232             FirebaseMessagingService performs security checks at runtime,
233             but set to not exported to explicitly avoid allowing another app to call it.
234        -->
235        <service
235-->[com.google.firebase:firebase-messaging:23.1.1] AndroidManifest.xml:44:9-51:19
236            android:name="com.google.firebase.messaging.FirebaseMessagingService"
236-->[com.google.firebase:firebase-messaging:23.1.1] AndroidManifest.xml:45:13-82
237            android:directBootAware="true"
237-->[com.google.firebase:firebase-messaging:23.1.1] AndroidManifest.xml:46:13-43
238            android:exported="false" >
238-->[com.google.firebase:firebase-messaging:23.1.1] AndroidManifest.xml:47:13-37
239            <intent-filter android:priority="-500" >
239-->[:firebase_messaging] AndroidManifest.xml:21:13-23:29
240                <action android:name="com.google.firebase.MESSAGING_EVENT" />
240-->[:firebase_messaging] AndroidManifest.xml:22:17-78
240-->[:firebase_messaging] AndroidManifest.xml:22:25-75
241            </intent-filter>
242        </service>
243
244        <provider
244-->[com.google.firebase:firebase-common:20.3.0] AndroidManifest.xml:25:9-30:39
245            android:name="com.google.firebase.provider.FirebaseInitProvider"
245-->[com.google.firebase:firebase-common:20.3.0] AndroidManifest.xml:26:13-77
246            android:authorities="com.realtyx.shaligramgatekeeper.firebaseinitprovider"
246-->[com.google.firebase:firebase-common:20.3.0] AndroidManifest.xml:27:13-72
247            android:directBootAware="true"
247-->[com.google.firebase:firebase-common:20.3.0] AndroidManifest.xml:28:13-43
248            android:exported="false"
248-->[com.google.firebase:firebase-common:20.3.0] AndroidManifest.xml:29:13-37
249            android:initOrder="100" />
249-->[com.google.firebase:firebase-common:20.3.0] AndroidManifest.xml:30:13-36
250
251        <activity
251-->[com.google.android.gms:play-services-base:18.0.1] AndroidManifest.xml:20:9-22:45
252            android:name="com.google.android.gms.common.api.GoogleApiActivity"
252-->[com.google.android.gms:play-services-base:18.0.1] AndroidManifest.xml:20:19-85
253            android:exported="false"
253-->[com.google.android.gms:play-services-base:18.0.1] AndroidManifest.xml:22:19-43
254            android:theme="@android:style/Theme.Translucent.NoTitleBar" />
254-->[com.google.android.gms:play-services-base:18.0.1] AndroidManifest.xml:21:19-78
255
256        <receiver
256-->[com.google.android.gms:play-services-measurement:21.2.0] AndroidManifest.xml:29:9-33:20
257            android:name="com.google.android.gms.measurement.AppMeasurementReceiver"
257-->[com.google.android.gms:play-services-measurement:21.2.0] AndroidManifest.xml:30:13-85
258            android:enabled="true"
258-->[com.google.android.gms:play-services-measurement:21.2.0] AndroidManifest.xml:31:13-35
259            android:exported="false" >
259-->[com.google.android.gms:play-services-measurement:21.2.0] AndroidManifest.xml:32:13-37
260        </receiver>
261
262        <service
262-->[com.google.android.gms:play-services-measurement:21.2.0] AndroidManifest.xml:35:9-38:40
263            android:name="com.google.android.gms.measurement.AppMeasurementService"